Loaded 26 patterns from .cpignore
Starting SimpleRest framework packaging...

Warning: unlink(D:\laragon\www\simplerest-pack\vendor\boctulus\shopifyconnector): Is a directory in D:\laragon\www\simplerest\scripts\pack_framework.php on line 183

Warning: rmdir(D:\laragon\www\simplerest-pack\vendor\boctulus): Directory not empty in D:\laragon\www\simplerest\scripts\pack_framework.php on line 181

Warning: rmdir(D:\laragon\www\simplerest-pack\vendor): Directory not empty in D:\laragon\www\simplerest\scripts\pack_framework.php on line 181
Cleaned destination directory: D:\laragon\www\simplerest-pack
Source directory validated: D:\laragon\www\simplerest
Created directory: D:\laragon\www\simplerest-pack\database
Created directory: D:\laragon\www\simplerest-pack\database\migrations
Created directory: D:\laragon\www\simplerest-pack\database\seeders
Created directory: D:\laragon\www\simplerest-pack\config
Created directory: D:\laragon\www\simplerest-pack\scripts
Created directory: D:\laragon\www\simplerest-pack\etc
Created directory: D:\laragon\www\simplerest-pack\app
Created directory: D:\laragon\www\simplerest-pack\logs
Copied directory: .agent
Skipping ignored root item: .claude
Skipping ignored root item: .codegpt
Skipping ignored root item: .cpignore
Copied file: .env
Copied file: .env.example
Skipping ignored root item: .git
Copied file: .gitignore
Copied file: .htaccess
Skipping ignored root item: .phpunit.cache
Skipping ignored root item: .vscode
Copied file: .zipignore
Copied file: AI_RULES.md
Copied file: CHANGELOG.txt
Copied file: CLAUDE.md
Copied file: DOCUMENTATION-SUMMARY.md
Copied file: GEMINI.md
Copied file: LICENSE
Copied file: PRDS.txt
Copied file: QWEN.md
Copied file: README.md
Skipping ignored root item: __releases
Skipping ignored item: app/Commands/PackCommand.php
Skipping ignored item: app/Modules/Asdf/logs
Skipping ignored item: app/Modules/ComponentTest/logs
Skipping ignored item: app/Modules/Xeni/logs
Skipping ignored item: app/Views/select2/test_color-change-2.php
Skipping ignored item: app/Views/select2/test_color-change.php
Skipping ignored item: app/Views/select2/test_obf.php
Skipping ignored item: app/Views/test_assets.php
Skipping ignored item: app/Views/test_iframe.php
Skipping ignored item: app/Views/test_numeric_input.php
Skipping ignored item: app/Views/test_numeric_input_2.php
Copied directory: app
Skipping ignored root item: app-core.zip
Copied file: app.php
Copied directory: backups
Copied file: check_and_fix_bom.php
Copied file: com
Copied file: compile_i18n.bat
Copied file: composer-refresh.ps1
Copied file: composer.json
Copied file: composer.json.bk
Copied file: composer.lock
Copied directory: config
Copied file: convert.php
Copied file: copy-gemini-skills-to-claude.ps1
Copied file: copy_with_cpire_ignore.ps1
Skipping ignored root item: core.zip
Copied file: cp_doc.bat
Copied file: create_package.ps1
Copied directory: database
Copied file: debug.log
Copied file: debug_routes.php
Copied file: desktop.ini
Copied file: doc.bat
Copied directory: docker
Skipping ignored item: docs/etc
Skipping ignored item: docs/extras
Skipping ignored item: docs/issues
Skipping ignored item: docs/to-do
Copied directory: docs
Copied directory: etc
Copied directory: examples
Copied directory: exports
Copied file: favicon.ico
Copied file: fix-git-case.ps1
Copied file: fix_model_references.php
Copied file: fix_namespace.php
Copied file: fix_producto_marcas.php
Copied file: get_untracked.ps1
Copied file: git_diff_with_hash.bat
Copied file: git_diff_with_hash.sh
Copied file: index.php
Skipping ignored root item: logs
Copied file: move_api_controllers.php
Copied file: move_schemas.php
Copied file: nul
Copied file: output.xml
Copied file: pack.sh
Copied file: pack_log.txt
Copied file: package-lock.json
Copied file: package.json
Skipping ignored item: packages/boctulus/exchange-rate/winpush.bat
Copied directory: packages
Skipping ignored root item: packages.zip
Copied file: phpstan.neon
Copied file: phpunit.xml
Copied file: phpunit_output.txt
Copied directory: prompts
Copied directory: public
Copied file: push
Copied file: push.bat
Skipping ignored root item: root-files.zip
Copied file: runalltests.php
Copied file: runtest
Skipping ignored item: scripts/tmp
Copied directory: scripts
Copied file: simplerest.code-workspace
Skipping ignored root item: simplerest.zip
Copied directory: src
Skipping ignored item: storage/security
Copied directory: storage
Skipping ignored root item: test-results
Copied file: test.php
Copied file: test.txt
Copied file: test1.bat
Copied file: test2.bat
Copied file: test3.bat
Copied file: test4.bat
Copied file: test_a.sh
Copied file: test_arbitraje.bat
Skipping ignored root item: test_constructor.php
Skipping ignored root item: test_controller_directly.php
Skipping ignored root item: test_incl_detector.php
Copied file: test_m.sh
Skipping ignored root item: test_modules_autoload.php
Skipping ignored root item: test_ollama.php
Copied file: test_openfactura_api.bat
Copied file: test_openfactura_api.ps1
Skipping ignored root item: test_openfactura_final.php
Skipping ignored root item: test_openfactura_functionality.php
Skipping ignored root item: test_openfactura_with_apiclient.php
Skipping ignored root item: test_openfactura_with_apiclient_only.php
Skipping ignored root item: test_original_xeni.php
Copied file: test_output.txt
Copied file: test_output2.txt
Skipping ignored root item: test_phpunit_debug.php
Copied file: test_r.sh
Copied file: test_results.txt
Skipping ignored root item: test_routes.php
Copied file: test_v.sh
Skipping ignored root item: test_xeni_api.php
Skipping ignored root item: test_xeni_api_v2.php
Skipping ignored root item: test_xeni_api_v3.php
Skipping ignored root item: test_xeni_api_v4.php
Skipping ignored root item: test_xeni_api_v5.php
Skipping ignored root item: test_xeni_v1.php
Skipping ignored item: tests/test_boleta_y_nota_credito.php
Skipping ignored item: tests/test_credit_note_emit.php
Skipping ignored item: tests/test_nc_simple.php
Skipping ignored item: tests/test_openfactura_emit.php
Skipping ignored item: tests/tests.zip
Copied directory: tests
Skipping ignored root item: tests.zip
Copied directory: third_party
Copied file: todo.bat
Copied file: update_version.ps1
Skipping ignored root item: vendor
Copied file: verify_controller_setup.php
Copied file: verify_routing_issue.php
Copied file: version.txt
Skipping ignored item: web-automation/node_modules
Copied directory: web-automation
Copied directory: webautomation
Copied file: winpush.ps1
Skipping ignored root item: yakpro-po
Copied file: zipcore.ps1
Copied file: zippackages.ps1
Copied file: ziptests.ps1
Copied file: zipthis.ps1
Cleaned require section to only minimal dependencies
Cleaned require-dev section to only essential dev dependencies
Removed problematic preferred-install entry: boctulus/api-client
Removed problematic preferred-install entry: boctulus/shopifyconnector
Processed composer.json to remove development-specific configurations
Processed .env.example to sanitize sensitive information
Running 'composer install' in destination...
Warning: The lock file is not up to date with the latest changes in composer.json. You may be getting outdated dependencies. It is recommended that you run `composer update` or `composer update <package name>`.
Ô£ô 'composer install' completed.
SimpleRest framework packaging completed successfully!

--- STARTING VERIFICATION ---
Testing 'php com help'...
Ô£ô 'php com help' passed.
Testing 'php runalltests.php'...
VERIFICATION FAILED: 'php runalltests.php' did not report success.
Output: Starting test execution...
Total test files to execute: 7

Running: tests/DB_TransactionTest.php
PASSED: tests/DB_TransactionTest.php

SKIPPED: tests/ExampleTest.php (File does not exist)
Running: tests/ModelTest.php
FAILED: tests/ModelTest.php

Running: tests/ResponseImmutableMethodsTest.php
PASSED: tests/ResponseImmutableMethodsTest.php

Running: tests/ValidatorTest.php
PASSED: tests/ValidatorTest.php

Running: tests/WebRouterTest.php
PASSED: tests/WebRouterTest.php

Running: tests/WebRouterFunctionalTest.php
PASSED: tests/WebRouterFunctionalTest.php

=====================
EXECUTION SUMMARY
=====================
Total tests defined: 7
Tests executed: 6
Tests passed: 5
Tests failed: 1

OVERALL RESULT: FAILURE
Some tests failed during execution.
